
*** Running vivado
    with args -log run_length_encoder.vdi -applog -m64 -product Vivado -messageDb vivado.pb -mode batch -source run_length_encoder.tcl -notrace


****** Vivado v2016.4 (64-bit)
  **** SW Build 1733598 on Wed Dec 14 22:35:42 MST 2016
  **** IP Build 1731160 on Wed Dec 14 23:47:21 MST 2016
    ** Copyright 1986-2016 Xilinx, Inc. All Rights Reserved.

source run_length_encoder.tcl -notrace
Design is defaulting to srcset: sources_1
Design is defaulting to constrset: constrs_1
INFO: [Netlist 29-17] Analyzing 17 Unisim elements for replacement
INFO: [Netlist 29-28] Unisim Transformation completed in 0 CPU seconds
INFO: [Project 1-479] Netlist was created with Vivado 2016.4
INFO: [Device 21-403] Loading part xc7z010clg400-1
INFO: [Project 1-570] Preparing netlist for logic optimization
INFO: [Opt 31-138] Pushed 0 inverter(s) to 0 load pin(s).
INFO: [Project 1-111] Unisim Transformation Summary:
No Unisim elements were transformed.

link_design: Time (s): cpu = 00:00:05 ; elapsed = 00:00:05 . Memory (MB): peak = 1294.633 ; gain = 282.121 ; free physical = 27337 ; free virtual = 37249
INFO: [Vivado_Tcl 4-424] Cannot write hardware definition file as there are no IPI block design hardware handoff files present
Command: opt_design
Attempting to get a license for feature 'Implementation' and/or device 'xc7z010'
INFO: [Common 17-349] Got license for feature 'Implementation' and/or device 'xc7z010'
Running DRC as a precondition to command opt_design

Starting DRC Task
INFO: [DRC 23-27] Running DRC with 8 threads
INFO: [Project 1-461] DRC finished with 0 Errors
INFO: [Project 1-462] Please refer to the DRC report (report_drc) for more information.

Time (s): cpu = 00:00:01 ; elapsed = 00:00:00.21 . Memory (MB): peak = 1402.664 ; gain = 108.031 ; free physical = 27298 ; free virtual = 37210
INFO: [Timing 38-35] Done setting XDC timing constraints.

Starting Logic Optimization Task
Implement Debug Cores | Checksum: 1a25c4be7

Phase 1 Retarget
INFO: [Opt 31-138] Pushed 0 inverter(s) to 0 load pin(s).
INFO: [Opt 31-49] Retargeted 0 cell(s).
Phase 1 Retarget | Checksum: 1a25c4be7

Time (s): cpu = 00:00:00 ; elapsed = 00:00:00 . Memory (MB): peak = 1800.156 ; gain = 0.000 ; free physical = 26963 ; free virtual = 36874

Phase 2 Constant propagation
INFO: [Opt 31-138] Pushed 0 inverter(s) to 0 load pin(s).
INFO: [Opt 31-10] Eliminated 0 cells.
Phase 2 Constant propagation | Checksum: 1a25c4be7

Time (s): cpu = 00:00:00 ; elapsed = 00:00:00.01 . Memory (MB): peak = 1800.156 ; gain = 0.000 ; free physical = 26963 ; free virtual = 36874

Phase 3 Sweep
INFO: [Opt 31-12] Eliminated 0 unconnected nets.
INFO: [Opt 31-11] Eliminated 0 unconnected cells.
Phase 3 Sweep | Checksum: 1a25c4be7

Time (s): cpu = 00:00:00 ; elapsed = 00:00:00.01 . Memory (MB): peak = 1800.156 ; gain = 0.000 ; free physical = 26963 ; free virtual = 36874

Phase 4 BUFG optimization
INFO: [Opt 31-12] Eliminated 0 unconnected nets.
INFO: [Opt 31-11] Eliminated 0 unconnected cells.
Phase 4 BUFG optimization | Checksum: 1a25c4be7

Time (s): cpu = 00:00:00.01 ; elapsed = 00:00:00.01 . Memory (MB): peak = 1800.156 ; gain = 0.000 ; free physical = 26963 ; free virtual = 36874

Starting Connectivity Check Task

Time (s): cpu = 00:00:00 ; elapsed = 00:00:00 . Memory (MB): peak = 1800.156 ; gain = 0.000 ; free physical = 26963 ; free virtual = 36874
Ending Logic Optimization Task | Checksum: 1a25c4be7

Time (s): cpu = 00:00:00.01 ; elapsed = 00:00:00.02 . Memory (MB): peak = 1800.156 ; gain = 0.000 ; free physical = 26963 ; free virtual = 36874

Starting Power Optimization Task
INFO: [Pwropt 34-132] Skipping clock gating for clocks with a period < 2.00 ns.
Ending Power Optimization Task | Checksum: 1a25c4be7

Time (s): cpu = 00:00:00.01 ; elapsed = 00:00:00.01 . Memory (MB): peak = 1800.156 ; gain = 0.000 ; free physical = 26962 ; free virtual = 36874
INFO: [Common 17-83] Releasing license: Implementation
23 Infos, 0 Warnings, 0 Critical Warnings and 0 Errors encountered.
opt_design completed successfully
opt_design: Time (s): cpu = 00:00:08 ; elapsed = 00:00:08 . Memory (MB): peak = 1800.156 ; gain = 505.523 ; free physical = 26962 ; free virtual = 36874
INFO: [Common 17-1381] The checkpoint '/home/netolo/DC/P06/projects/DC_P06.runs/impl_1/run_length_encoder_opt.dcp' has been generated.
INFO: [DRC 23-27] Running DRC with 8 threads
INFO: [Coretcl 2-168] The results of DRC are in file /home/netolo/DC/P06/projects/DC_P06.runs/impl_1/run_length_encoder_drc_opted.rpt.
INFO: [Chipscope 16-241] No debug cores found in the current design.
Before running the implement_debug_core command, either use the Set Up Debug wizard (GUI mode)
or use the create_debug_core and connect_debug_core Tcl commands to insert debug cores into the design.
Command: place_design
Attempting to get a license for feature 'Implementation' and/or device 'xc7z010'
INFO: [Common 17-349] Got license for feature 'Implementation' and/or device 'xc7z010'
INFO: [DRC 23-27] Running DRC with 8 threads
INFO: [Vivado_Tcl 4-198] DRC finished with 0 Errors
INFO: [Vivado_Tcl 4-199] Please refer to the DRC report (report_drc) for more information.
Running DRC as a precondition to command place_design
INFO: [DRC 23-27] Running DRC with 8 threads
INFO: [Vivado_Tcl 4-198] DRC finished with 0 Errors
INFO: [Vivado_Tcl 4-199] Please refer to the DRC report (report_drc) for more information.

Starting Placer Task
INFO: [Place 30-611] Multithreading enabled for place_design using a maximum of 8 CPUs

Phase 1 Placer Initialization
Netlist sorting complete. Time (s): cpu = 00:00:00 ; elapsed = 00:00:00 . Memory (MB): peak = 1864.188 ; gain = 0.000 ; free physical = 26940 ; free virtual = 36852
Netlist sorting complete. Time (s): cpu = 00:00:00 ; elapsed = 00:00:00 . Memory (MB): peak = 1864.188 ; gain = 0.000 ; free physical = 26940 ; free virtual = 36852

Phase 1.1 IO Placement/ Clock Placement/ Build Placer Device
INFO: [Timing 38-35] Done setting XDC timing constraints.
Phase 1.1 IO Placement/ Clock Placement/ Build Placer Device | Checksum: d3d2e9cb

Time (s): cpu = 00:00:00.49 ; elapsed = 00:00:00.25 . Memory (MB): peak = 1864.188 ; gain = 0.000 ; free physical = 26908 ; free virtual = 36820

Phase 1.2 Build Placer Netlist Model
Phase 1.2 Build Placer Netlist Model | Checksum: 168aa088b

Time (s): cpu = 00:00:00.52 ; elapsed = 00:00:00.26 . Memory (MB): peak = 1864.188 ; gain = 0.000 ; free physical = 26908 ; free virtual = 36820

Phase 1.3 Constrain Clocks/Macros
Phase 1.3 Constrain Clocks/Macros | Checksum: 168aa088b

Time (s): cpu = 00:00:00.52 ; elapsed = 00:00:00.26 . Memory (MB): peak = 1864.188 ; gain = 0.000 ; free physical = 26908 ; free virtual = 36820
Phase 1 Placer Initialization | Checksum: 168aa088b

Time (s): cpu = 00:00:00.54 ; elapsed = 00:00:00.26 . Memory (MB): peak = 1864.188 ; gain = 0.000 ; free physical = 26908 ; free virtual = 36820

Phase 2 Global Placement
Phase 2 Global Placement | Checksum: 12374e997

Time (s): cpu = 00:00:01 ; elapsed = 00:00:00.37 . Memory (MB): peak = 1951.215 ; gain = 87.027 ; free physical = 26905 ; free virtual = 36817

Phase 3 Detail Placement

Phase 3.1 Commit Multi Column Macros
Phase 3.1 Commit Multi Column Macros | Checksum: 12374e997

Time (s): cpu = 00:00:01 ; elapsed = 00:00:00.37 . Memory (MB): peak = 1951.215 ; gain = 87.027 ; free physical = 26906 ; free virtual = 36817

Phase 3.2 Commit Most Macros & LUTRAMs
Phase 3.2 Commit Most Macros & LUTRAMs | Checksum: 1c9945b88

Time (s): cpu = 00:00:01 ; elapsed = 00:00:00.38 . Memory (MB): peak = 1951.215 ; gain = 87.027 ; free physical = 26907 ; free virtual = 36818

Phase 3.3 Area Swap Optimization
Phase 3.3 Area Swap Optimization | Checksum: 1955f9f42

Time (s): cpu = 00:00:01 ; elapsed = 00:00:00.38 . Memory (MB): peak = 1951.215 ; gain = 87.027 ; free physical = 26907 ; free virtual = 36818

Phase 3.4 Pipeline Register Optimization
Phase 3.4 Pipeline Register Optimization | Checksum: 1955f9f42

Time (s): cpu = 00:00:01 ; elapsed = 00:00:00.39 . Memory (MB): peak = 1951.215 ; gain = 87.027 ; free physical = 26907 ; free virtual = 36818

Phase 3.5 Small Shape Detail Placement
Phase 3.5 Small Shape Detail Placement | Checksum: 814ce134

Time (s): cpu = 00:00:01 ; elapsed = 00:00:00.44 . Memory (MB): peak = 1951.215 ; gain = 87.027 ; free physical = 26907 ; free virtual = 36818

Phase 3.6 Re-assign LUT pins
Phase 3.6 Re-assign LUT pins | Checksum: 814ce134

Time (s): cpu = 00:00:01 ; elapsed = 00:00:00.44 . Memory (MB): peak = 1951.215 ; gain = 87.027 ; free physical = 26907 ; free virtual = 36818

Phase 3.7 Pipeline Register Optimization
Phase 3.7 Pipeline Register Optimization | Checksum: 814ce134

Time (s): cpu = 00:00:01 ; elapsed = 00:00:00.44 . Memory (MB): peak = 1951.215 ; gain = 87.027 ; free physical = 26907 ; free virtual = 36818
Phase 3 Detail Placement | Checksum: 814ce134

Time (s): cpu = 00:00:01 ; elapsed = 00:00:00.45 . Memory (MB): peak = 1951.215 ; gain = 87.027 ; free physical = 26907 ; free virtual = 36818

Phase 4 Post Placement Optimization and Clean-Up

Phase 4.1 Post Commit Optimization
Phase 4.1 Post Commit Optimization | Checksum: 814ce134

Time (s): cpu = 00:00:01 ; elapsed = 00:00:00.45 . Memory (MB): peak = 1951.215 ; gain = 87.027 ; free physical = 26907 ; free virtual = 36818

Phase 4.2 Post Placement Cleanup
Phase 4.2 Post Placement Cleanup | Checksum: 814ce134

Time (s): cpu = 00:00:01 ; elapsed = 00:00:00.45 . Memory (MB): peak = 1951.215 ; gain = 87.027 ; free physical = 26907 ; free virtual = 36818

Phase 4.3 Placer Reporting
Phase 4.3 Placer Reporting | Checksum: 814ce134

Time (s): cpu = 00:00:01 ; elapsed = 00:00:00.45 . Memory (MB): peak = 1951.215 ; gain = 87.027 ; free physical = 26907 ; free virtual = 36818

Phase 4.4 Final Placement Cleanup
Phase 4.4 Final Placement Cleanup | Checksum: 91f1eaf6

Time (s): cpu = 00:00:01 ; elapsed = 00:00:00.45 . Memory (MB): peak = 1951.215 ; gain = 87.027 ; free physical = 26907 ; free virtual = 36818
Phase 4 Post Placement Optimization and Clean-Up | Checksum: 91f1eaf6

Time (s): cpu = 00:00:01 ; elapsed = 00:00:00.45 . Memory (MB): peak = 1951.215 ; gain = 87.027 ; free physical = 26907 ; free virtual = 36818
Ending Placer Task | Checksum: 834c36ae

Time (s): cpu = 00:00:01 ; elapsed = 00:00:00.46 . Memory (MB): peak = 1951.215 ; gain = 87.027 ; free physical = 26907 ; free virtual = 36818
INFO: [Common 17-83] Releasing license: Implementation
37 Infos, 0 Warnings, 0 Critical Warnings and 0 Errors encountered.
place_design completed successfully
Writing placer database...
Writing XDEF routing.
Writing XDEF routing logical nets.
Writing XDEF routing special nets.
Write XDEF Complete: Time (s): cpu = 00:00:00.07 ; elapsed = 00:00:00.08 . Memory (MB): peak = 1951.215 ; gain = 0.000 ; free physical = 26907 ; free virtual = 36819
INFO: [Common 17-1381] The checkpoint '/home/netolo/DC/P06/projects/DC_P06.runs/impl_1/run_length_encoder_placed.dcp' has been generated.
report_io: Time (s): cpu = 00:00:00.19 ; elapsed = 00:00:00.22 . Memory (MB): peak = 1951.215 ; gain = 0.000 ; free physical = 26907 ; free virtual = 36819
report_utilization: Time (s): cpu = 00:00:00.10 ; elapsed = 00:00:00.14 . Memory (MB): peak = 1951.215 ; gain = 0.000 ; free physical = 26902 ; free virtual = 36814
report_control_sets: Time (s): cpu = 00:00:00.08 ; elapsed = 00:00:00.11 . Memory (MB): peak = 1951.215 ; gain = 0.000 ; free physical = 26906 ; free virtual = 36817
Command: route_design
Attempting to get a license for feature 'Implementation' and/or device 'xc7z010'
INFO: [Common 17-349] Got license for feature 'Implementation' and/or device 'xc7z010'
Running DRC as a precondition to command route_design
INFO: [DRC 23-27] Running DRC with 8 threads
INFO: [Vivado_Tcl 4-198] DRC finished with 0 Errors
INFO: [Vivado_Tcl 4-199] Please refer to the DRC report (report_drc) for more information.


Starting Routing Task
INFO: [Route 35-254] Multithreading enabled for route_design using a maximum of 8 CPUs
Checksum: PlaceDB: 5493fcfe ConstDB: 0 ShapeSum: 2eb839b0 RouteDB: 0

Phase 1 Build RT Design
Phase 1 Build RT Design | Checksum: 14676298f

Time (s): cpu = 00:00:08 ; elapsed = 00:00:07 . Memory (MB): peak = 1951.215 ; gain = 0.000 ; free physical = 26870 ; free virtual = 36781

Phase 2 Router Initialization
INFO: [Route 35-64] No timing constraints were detected. The router will operate in resource-optimization mode.

Phase 2.1 Fix Topology Constraints
Phase 2.1 Fix Topology Constraints | Checksum: 14676298f

Time (s): cpu = 00:00:08 ; elapsed = 00:00:07 . Memory (MB): peak = 1951.215 ; gain = 0.000 ; free physical = 26843 ; free virtual = 36755

Phase 2.2 Pre Route Cleanup
Phase 2.2 Pre Route Cleanup | Checksum: 14676298f

Time (s): cpu = 00:00:08 ; elapsed = 00:00:07 . Memory (MB): peak = 1951.215 ; gain = 0.000 ; free physical = 26843 ; free virtual = 36755
 Number of Nodes with overlaps = 0
Phase 2 Router Initialization | Checksum: f95421a5

Time (s): cpu = 00:00:08 ; elapsed = 00:00:07 . Memory (MB): peak = 1951.215 ; gain = 0.000 ; free physical = 26836 ; free virtual = 36747

Phase 3 Initial Routing
Phase 3 Initial Routing | Checksum: f84c6134

Time (s): cpu = 00:00:08 ; elapsed = 00:00:07 . Memory (MB): peak = 1951.215 ; gain = 0.000 ; free physical = 26836 ; free virtual = 36747

Phase 4 Rip-up And Reroute

Phase 4.1 Global Iteration 0
 Number of Nodes with overlaps = 0
Phase 4.1 Global Iteration 0 | Checksum: b611a656

Time (s): cpu = 00:00:08 ; elapsed = 00:00:07 . Memory (MB): peak = 1951.215 ; gain = 0.000 ; free physical = 26836 ; free virtual = 36747
Phase 4 Rip-up And Reroute | Checksum: b611a656

Time (s): cpu = 00:00:08 ; elapsed = 00:00:07 . Memory (MB): peak = 1951.215 ; gain = 0.000 ; free physical = 26836 ; free virtual = 36747

Phase 5 Delay and Skew Optimization
Phase 5 Delay and Skew Optimization | Checksum: b611a656

Time (s): cpu = 00:00:08 ; elapsed = 00:00:07 . Memory (MB): peak = 1951.215 ; gain = 0.000 ; free physical = 26836 ; free virtual = 36747

Phase 6 Post Hold Fix

Phase 6.1 Hold Fix Iter
Phase 6.1 Hold Fix Iter | Checksum: b611a656

Time (s): cpu = 00:00:08 ; elapsed = 00:00:07 . Memory (MB): peak = 1951.215 ; gain = 0.000 ; free physical = 26836 ; free virtual = 36747
Phase 6 Post Hold Fix | Checksum: b611a656

Time (s): cpu = 00:00:08 ; elapsed = 00:00:07 . Memory (MB): peak = 1951.215 ; gain = 0.000 ; free physical = 26836 ; free virtual = 36747

Phase 7 Route finalize

Router Utilization Summary
  Global Vertical Routing Utilization    = 0.046875 %
  Global Horizontal Routing Utilization  = 0.0238971 %
  Routable Net Status*
  *Does not include unroutable nets such as driverless and loadless.
  Run report_route_status for detailed report.
  Number of Failed Nets               = 0
  Number of Unrouted Nets             = 0
  Number of Partially Routed Nets     = 0
  Number of Node Overlaps             = 0

Congestion Report
North Dir 1x1 Area, Max Cong = 1.8018%, No Congested Regions.
South Dir 1x1 Area, Max Cong = 33.3333%, No Congested Regions.
East Dir 1x1 Area, Max Cong = 14.7059%, No Congested Regions.
West Dir 1x1 Area, Max Cong = 10.2941%, No Congested Regions.
Phase 7 Route finalize | Checksum: b611a656

Time (s): cpu = 00:00:08 ; elapsed = 00:00:07 . Memory (MB): peak = 1951.215 ; gain = 0.000 ; free physical = 26836 ; free virtual = 36747

Phase 8 Verifying routed nets

 Verification completed successfully
Phase 8 Verifying routed nets | Checksum: b611a656

Time (s): cpu = 00:00:08 ; elapsed = 00:00:07 . Memory (MB): peak = 1951.215 ; gain = 0.000 ; free physical = 26834 ; free virtual = 36745

Phase 9 Depositing Routes
Phase 9 Depositing Routes | Checksum: b55e7154

Time (s): cpu = 00:00:09 ; elapsed = 00:00:07 . Memory (MB): peak = 1951.215 ; gain = 0.000 ; free physical = 26833 ; free virtual = 36745
INFO: [Route 35-16] Router Completed Successfully

Time (s): cpu = 00:00:09 ; elapsed = 00:00:07 . Memory (MB): peak = 1951.215 ; gain = 0.000 ; free physical = 26833 ; free virtual = 36745

Routing Is Done.
INFO: [Common 17-83] Releasing license: Implementation
46 Infos, 0 Warnings, 0 Critical Warnings and 0 Errors encountered.
route_design completed successfully
route_design: Time (s): cpu = 00:00:10 ; elapsed = 00:00:07 . Memory (MB): peak = 1951.215 ; gain = 0.000 ; free physical = 26833 ; free virtual = 36745
Writing placer database...
Writing XDEF routing.
Writing XDEF routing logical nets.
Writing XDEF routing special nets.
Write XDEF Complete: Time (s): cpu = 00:00:00.04 ; elapsed = 00:00:00.05 . Memory (MB): peak = 1951.215 ; gain = 0.000 ; free physical = 26833 ; free virtual = 36746
INFO: [Common 17-1381] The checkpoint '/home/netolo/DC/P06/projects/DC_P06.runs/impl_1/run_length_encoder_routed.dcp' has been generated.
INFO: [DRC 23-27] Running DRC with 8 threads
INFO: [Coretcl 2-168] The results of DRC are in file /home/netolo/DC/P06/projects/DC_P06.runs/impl_1/run_length_encoder_drc_routed.rpt.
INFO: [Timing 38-35] Done setting XDC timing constraints.
INFO: [DRC 23-133] Running Methodology with 8 threads
INFO: [Coretcl 2-1520] The results of Report Methodology are in file /home/netolo/DC/P06/projects/DC_P06.runs/impl_1/run_length_encoder_methodology_drc_routed.rpt.
INFO: [Timing 38-35] Done setting XDC timing constraints.
INFO: [Timing 38-91] UpdateTimingParams: Speed grade: -1, Delay Type: min_max.
INFO: [Timing 38-191] Multithreading enabled for timing update using a maximum of 8 CPUs
INFO: [Timing 38-35] Done setting XDC timing constraints.
WARNING: [Timing 38-313] There are no user specified timing constraints. Timing constraints are needed for proper timing analysis.
Command: report_power -file run_length_encoder_power_routed.rpt -pb run_length_encoder_power_summary_routed.pb -rpx run_length_encoder_power_routed.rpx
WARNING: [Power 33-232] No user defined clocks were found in the design!
Resolution: Please specify clocks using create_clock/create_generated_clock for sequential elements. For pure combinatorial circuits, please specify a virtual clock, otherwise the vectorless estimation might be inaccurate
Running Vector-less Activity Propagation...

Finished Running Vector-less Activity Propagation
56 Infos, 2 Warnings, 0 Critical Warnings and 0 Errors encountered.
report_power completed successfully
INFO: [Common 17-206] Exiting Vivado at Wed Jul  5 18:44:21 2017...
